gfortran fitter.f90 -o fitter
cp lib/peros.lib.original peros.lib ; ./fitter < input
This file was compiled by GCC version 6.3.0 20170516 using the options -mtune=generic -march=x86-64
[WARN] The fits are physically constrained
xxxxxxxxx1  epsilon  
xxxxxxxxx2  sigma    
xxxxxxxxx3  epsilon  
xxxxxxxxx4  sigma    
xxxxxxxxx5  epsilon  
xxxxxxxxx6  sigma    
xxxxxxxxx7  epsilon  
xxxxxxxxx8  sigma    
xxxxxxxxx9  epsilon  
xxxxxxxx10  sigma    
xxxxxxxx11  epsilon  
xxxxxxxx12  sigma    
 [WARN] Refitting parameters
00111101110101110000101000111101
01000000010110111001001100010000
00111101100011010100111111011111
01000000010100001010111100100010
00111101001101000011100101011000
01000000001001001000110101110100
00111101001101000011100101011000
01000000001001001000110101110100
00111111001010011011101001011110
01000000011101010000000100011000
00111110100000001000001100010010
01000000011011101101100010101101
001111011101011100001010001111010100000001011011100100110001000000111101100011010100111111011111010000000101000010101111001000100011110100110100001110010101100001000000001001001000110101110100001111010011010000111001010110000100000000100100100011010111010000111111001010011011101001011110010000000111010100000001000110000011111010000000100000110001001001000000011011101101100010101101
Random Seed:  616632574
struc/MAPbI-6.31-CONTCAR.cif
================================================================================
 Observable, energy:  -52.0851746    
 Atoms:          12 struc/MAPbI-6.31-CONTCAR.cif                                                                        
     6.3099999      0.0000000      0.0000000
     0.0000000      6.3099999      0.0000000
     0.0000000      0.0000000      6.3099999
C1      0.9262200      0.0000300      0.9863200
N1      0.1530700      0.9998900      0.0462400
H       0.9134200      0.9999300      0.8125300
H       0.8509900      0.1430500      0.0516100
H       0.8507800      0.8572000      0.0517800
H       0.2320800      0.1337500      0.9889300
H       0.2319100      0.8658900      0.9890500
H       0.1768100      0.9999500      0.2102500
Pb      0.4878900      0.4999200      0.4912700
I       0.4388000      0.4999400      0.9880600
I       0.4471400      0.9998800      0.5264100
I       0.9741300      0.4999100      0.4546900
 GULP file:struc/MAPbI-6.31-CONTCAR.cif.gin                                                                    
 Calculated, energy   690.334656    
struc/MAPbI-6.3-CONTCAR.cif
================================================================================
 Observable, energy:  -52.0848694    
 Atoms:          12 struc/MAPbI-6.3-CONTCAR.cif                                                                         
     6.3000002      0.0000000      0.0000000
     0.0000000      6.3000002      0.0000000
     0.0000000      0.0000000      6.3000002
C1      0.9260800      0.0000300      0.9862100
N1      0.1531600      0.9999000      0.0462100
H       0.9131300      0.9999300      0.8121900
H       0.8507100      0.1432700      0.0516100
H       0.8505100      0.8570000      0.0517800
H       0.2323800      0.1338900      0.9888700
H       0.2322200      0.8657500      0.9889800
H       0.1772000      0.9999500      0.2104000
Pb      0.4878500      0.4999000      0.4914800
I       0.4387300      0.4999500      0.9881100
I       0.4469600      0.9999000      0.5265800
I       0.9742800      0.4998900      0.4547100
 GULP file:struc/MAPbI-6.3-CONTCAR.cif.gin                                                                     
 Calculated, energy   692.368530    
struc/MAPbI-6.32-CONTCAR.cif
================================================================================
 Observable, energy:  -52.0846901    
 Atoms:          12 struc/MAPbI-6.32-CONTCAR.cif                                                                        
     6.3200002      0.0000000      0.0000000
     0.0000000      6.3200002      0.0000000
     0.0000000      0.0000000      6.3200002
C1      0.9263600      0.0000400      0.9863500
N1      0.1529300      0.9998900      0.0461900
H       0.9133900      0.9999300      0.8128500
H       0.8511100      0.1427700      0.0514600
H       0.8509000      0.8574800      0.0516300
H       0.2319600      0.1334700      0.9890500
H       0.2317900      0.8661800      0.9891600
H       0.1768600      0.9999500      0.2098800
Pb      0.4879100      0.4999000      0.4913600
I       0.4387600      0.4999500      0.9880600
I       0.4470800      0.9998900      0.5264400
I       0.9741700      0.4999000      0.4547000
 GULP file:struc/MAPbI-6.32-CONTCAR.cif.gin                                                                    
 Calculated, energy   689.897034    
struc/MAPbI-360.cif
================================================================================
 Observable, energy:  -52.0832405    
 Atoms:          12 struc/MAPbI-360.cif                                                                                 
     6.3099999      0.0000000      0.0000000
     0.0000000      6.3099999      0.0000000
     0.0000000      0.0000000      6.3099999
C1      0.9262200      0.9967800      0.9864600
N1      1.1530600      1.0030000      1.0461200
H       0.9134600      0.9832200      0.8131800
H       0.8498600      1.1437800      1.0405999
H       0.8519000      0.8588000      1.0627199
H       1.2310400      1.1326801      0.9786800
H       1.2329400      0.8656200      0.9993400
H       1.1767600      1.0158200      1.2096200
Pb      0.4878800      0.4999200      1.4912601
I       0.4388000      0.4999400      0.9880600
I       0.4471400      0.9998800      1.5264200
I       0.9741400      0.4999000      1.4547000
 GULP file:struc/MAPbI-360.cif.gin                                                                             
 Calculated, energy   690.277771    
struc/MAPbI-6.28-CONTCAR.cif
================================================================================
 Observable, energy:  -52.0823784    
 Atoms:          12 struc/MAPbI-6.28-CONTCAR.cif                                                                        
     6.2800002      0.0000000      0.0000000
     0.0000000      6.2800002      0.0000000
     0.0000000      0.0000000      6.2800002
C1      0.9256900      0.0000300      0.9861200
N1      0.1534700      0.9999100      0.0463000
H       0.9130500      0.9999300      0.8115100
H       0.8503300      0.1438300      0.0518600
H       0.8501200      0.8564400      0.0520300
H       0.2327200      0.1344700      0.9886300
H       0.2325600      0.8651700      0.9887500
H       0.1772200      0.9999500      0.2111100
Pb      0.4877600      0.4998700      0.4914100
I       0.4388500      0.4999400      0.9881200
I       0.4471100      0.9999000      0.5266400
I       0.9743400      0.4998900      0.4546600
 GULP file:struc/MAPbI-6.28-CONTCAR.cif.gin                                                                    
 Calculated, energy   691.645203    
struc/MAPbI-6.35-CONTCAR.cif
================================================================================
 Observable, energy:  -52.0798416    
 Atoms:          12 struc/MAPbI-6.35-CONTCAR.cif                                                                        
     6.3499999      0.0000000      0.0000000
     0.0000000      6.3499999      0.0000000
     0.0000000      0.0000000      6.3499999
C1      0.9271900      0.0000200      0.9865600
N1      0.1527000      0.9999000      0.0461800
H       0.9143900      0.9999300      0.8139000
H       0.8523100      0.1420800      0.0514200
H       0.8521000      0.8581600      0.0515900
H       0.2309800      0.1329300      0.9891100
H       0.2308200      0.8667000      0.9892200
H       0.1760100      0.9999500      0.2091800
Pb      0.4879500      0.4999600      0.4913700
I       0.4385500      0.4999400      0.9879300
I       0.4468200      0.9999100      0.5259000
I       0.9733900      0.4998600      0.4547900
 GULP file:struc/MAPbI-6.35-CONTCAR.cif.gin                                                                    
 Calculated, energy   689.768921    
struc/MAPbI-6.25-CONTCAR.cif
================================================================================
 Observable, energy:  -52.0751228    
 Atoms:          12 struc/MAPbI-6.25-CONTCAR.cif                                                                        
     6.2500000      0.0000000      0.0000000
     0.0000000      6.2500000      0.0000000
     0.0000000      0.0000000      6.2500000
C1      0.9239500      0.0000900      0.9853400
N1      0.1525200      0.9999800      0.0468500
H       0.9115800      0.0000200      0.8098600
H       0.8477300      0.1445300      0.0509000
H       0.8475000      0.8558900      0.0510600
H       0.2327200      0.1349900      0.9893000
H       0.2325500      0.8648100      0.9893900
H       0.1756200      0.0000100      0.2124300
Pb      0.4862900      0.4993500      0.4906300
I       0.4445300      0.4999300      0.9880900
I       0.4515300      0.9996700      0.5302300
I       0.9767100      0.5000700      0.4530600
 GULP file:struc/MAPbI-6.25-CONTCAR.cif.gin                                                                    
 Calculated, energy   692.719482    
struc/MAPbI-6.4-CONTCAR.cif
================================================================================
 Observable, energy:  -52.0655060    
 Atoms:          12 struc/MAPbI-6.4-CONTCAR.cif                                                                         
     6.4000001      0.0000000      0.0000000
     0.0000000      6.4000001      0.0000000
     0.0000000      0.0000000      6.4000001
C1      0.9317900      0.9999100      0.9881000
N1      0.1565100      0.9996600      0.0437900
H       0.9165800      0.9997900      0.8170300
H       0.8589300      0.1409000      0.0539600
H       0.8585600      0.8592500      0.0542100
H       0.2336300      0.1317100      0.9864600
H       0.2333300      0.8674000      0.9864900
H       0.1822300      0.9996300      0.2054200
Pb      0.4813700      0.5000500      0.4931900
I       0.4323900      0.4997600      0.9884200
I       0.4379100      0.0001000      0.5204600
I       0.9600000      0.5012200      0.4596000
 GULP file:struc/MAPbI-6.4-CONTCAR.cif.gin                                                                     
 Calculated, energy   688.851440    
struc/MAPbI-6.2-CONTCAR.cif
================================================================================
 Observable, energy:  -52.0496674    
 Atoms:          12 struc/MAPbI-6.2-CONTCAR.cif                                                                         
     6.1999998      0.0000000      0.0000000
     0.0000000      6.1999998      0.0000000
     0.0000000      0.0000000      6.1999998
C1      0.9194500      0.0000100      0.9807300
N1      0.1479900     -0.0000800      0.0491600
H       0.9122600      0.9998900      0.8036200
H       0.8406800      0.1456700      0.0443800
H       0.8404800      0.8545700      0.0446100
H       0.2302800      0.1361700      0.9933400
H       0.2301700      0.8635600      0.9934300
H       0.1666400     -0.0000300      0.2165300
Pb      0.5000600      0.4998100      0.4949200
I       0.4506500      0.4998800      0.9920800
I       0.4555900      0.9997200      0.5308300
I       0.9889800      0.5001700      0.4535200
 GULP file:struc/MAPbI-6.2-CONTCAR.cif.gin                                                                     
 Calculated, energy   693.884949    
struc/MAPbI-337.5.cif
================================================================================
 Observable, energy:  -52.0451241    
 Atoms:          12 struc/MAPbI-337.5.cif                                                                               
     6.3099999      0.0000000      0.0000000
     0.0000000      6.3099999      0.0000000
     0.0000000      0.0000000      6.3099999
C1      0.9467800      0.9956000      0.9445400
N1      1.1334600      1.0041400      1.0864201
H       1.0014200      0.9823800      0.7795800
H       0.8538800      1.1416000      0.9651200
H       0.8504800      0.8566000      0.9867800
H       1.2298400      1.1348600      1.0537200
H       1.2266999      0.8677800      1.0739800
H       1.0926800      1.0167600      1.2465400
Pb      0.4878800      0.4999200      1.4912601
I       0.4388000      0.4999400      0.9880600
I       0.4471400      0.9998800      1.5264200
I       0.9741400      0.4999000      1.4547000
 GULP file:struc/MAPbI-337.5.cif.gin                                                                           
 Calculated, energy   690.455261    
struc/MAPbI-22.5.cif
================================================================================
 Observable, energy:  -52.0144234    
 Atoms:          12 struc/MAPbI-22.5.cif                                                                                
     6.3099999      0.0000000      0.0000000
     0.0000000      6.3099999      0.0000000
     0.0000000      0.0000000      6.3099999
C1      0.9232600      0.9996000      1.0329400
N1      1.1557600      1.0003200      1.0014800
H       0.8449200      0.9994800      0.8772600
H       0.8782200      1.1423000      1.1222600
H       0.8791000      0.8564600      1.1220400
H       1.2063800      1.1344800      0.9185200
H       1.2071600      0.8666400      0.9182400
H       1.2404400      1.0004200      1.1439199
Pb      0.4878800      0.4999200      1.4912601
I       0.4388000      0.4999400      0.9880600
I       0.4471400      0.9998800      1.5264200
I       0.9741400      0.4999000      1.4547000
 GULP file:struc/MAPbI-22.5.cif.gin                                                                            
 Calculated, energy   690.573608    
struc/MAPbI-6.5-CONTCAR.cif
================================================================================
 Observable, energy:  -52.0048141    
 Atoms:          12 struc/MAPbI-6.5-CONTCAR.cif                                                                         
     6.5000000      0.0000000      0.0000000
     0.0000000      6.5000000      0.0000000
     0.0000000      0.0000000      6.5000000
C1      0.9379900     -0.0000100      0.9904800
N1      0.1601400     -0.0001100      0.0421500
H       0.9212800      0.9998500      0.8220500
H       0.8669200      0.1388400      0.0561700
H       0.8667700      0.8613800      0.0563900
H       0.2350900      0.1298100      0.9845700
H       0.2349300      0.8698300      0.9847200
H       0.1878500     -0.0000200      0.2008800
Pb      0.4766400      0.5000300      0.4950100
I       0.4247000      0.4998000     -0.0138200
I       0.4266700     -0.0000800      0.5181000
I      -0.0557700      0.5000300      0.4604300
 GULP file:struc/MAPbI-6.5-CONTCAR.cif.gin                                                                     
 Calculated, energy   685.210449    
struc/MAPbI-6.1-CONTCAR.cif
================================================================================
 Observable, energy:  -51.9507484    
 Atoms:          12 struc/MAPbI-6.1-CONTCAR.cif                                                                         
     6.0999999      0.0000000      0.0000000
     0.0000000      6.0999999      0.0000000
     0.0000000      0.0000000      6.0999999
C1      0.9168300     -0.0000400      0.9730500
N1      0.1436600      0.9999300      0.0582400
H       0.9223600      0.9998800      0.7928200
H       0.8321100      0.1480600      0.0317300
H       0.8319700      0.8520100      0.0318600
H       0.2308900      0.1383100      0.0065000
H       0.2308600      0.8614900      0.0066600
H       0.1516600      0.0000400      0.2289200
Pb      0.5089700      0.4998400      0.4924600
I       0.4548000      0.4999300      0.9904700
I       0.4605200     -0.0001600      0.5397200
I       0.9986000      0.5000500      0.4447100
 GULP file:struc/MAPbI-6.1-CONTCAR.cif.gin                                                                     
 Calculated, energy   692.561951    
struc/MAPbI-315.cif
================================================================================
 Observable, energy:  -51.9423027    
 Atoms:          12 struc/MAPbI-315.cif                                                                                 
     6.3099999      0.0000000      0.0000000
     0.0000000      6.3099999      0.0000000
     0.0000000      0.0000000      6.3099999
C1      0.9818200      0.9947600      0.9136800
N1      1.0999200      1.0049599      1.1161600
H       1.0955600      0.9826000      0.7822000
H       0.8865000      1.1396800      0.8969000
H       0.8782400      0.8546000      0.9161000
H       1.2000200      1.1368001      1.1226200
H       1.1923400      0.8696600      1.1405600
H       1.0008399      1.0166800      1.2484800
Pb      0.4878800      0.4999200      1.4912601
I       0.4388000      0.4999400      0.9880600
I       0.4471400      0.9998800      1.5264200
I       0.9741400      0.4999000      1.4547000
 GULP file:struc/MAPbI-315.cif.gin                                                                             
 Calculated, energy   690.701172    
struc/MAPbI-6.6-CONTCAR.cif
================================================================================
 Observable, energy:  -51.9196167    
 Atoms:          12 struc/MAPbI-6.6-CONTCAR.cif                                                                         
     6.5999999      0.0000000      0.0000000
     0.0000000      6.5999999      0.0000000
     0.0000000      0.0000000      6.5999999
C1      0.9486200     -0.0003900      0.9968600
N1      0.1690800     -0.0002700      0.0400700
H       0.9263100      0.9993600      0.8317800
H       0.8811500      0.1362700      0.0639200
H       0.8812700      0.8630000      0.0642900
H       0.2400400      0.1279600      0.9802300
H       0.2401100      0.8712900      0.9807300
H       0.2016100      0.0000500      0.1959100
Pb      0.4122500      0.4996600      0.4998800
I       0.4084000      0.5000600     -0.0277100
I       0.4158700      0.0011400      0.5171300
I      -0.0414800      0.5012200      0.4540600
 GULP file:struc/MAPbI-6.6-CONTCAR.cif.gin                                                                     
 Calculated, energy   687.739868    
struc/MAPbI-45.cif
================================================================================
 Observable, energy:  -51.8821678    
 Atoms:          12 struc/MAPbI-45.cif                                                                                  
     6.3099999      0.0000000      0.0000000
     0.0000000      6.3099999      0.0000000
     0.0000000      0.0000000      6.3099999
C1      0.9383400      0.9991400      1.0771199
N1      1.1411200      1.0007600      0.9591000
H       0.8064000      0.9987400      0.9632800
H       0.9304400      1.1416600      1.1771400
H       0.9321400      0.8558200      1.1761200
H       1.1556799      1.1351399      0.8633200
H       1.1572200      0.8672800      0.8623200
H       1.2738600      1.0011400      1.0583000
Pb      0.4878800      0.4999200      1.4912601
I       0.4388000      0.4999400      0.9880600
I       0.4471400      0.9998800      1.5264200
I       0.9741400      0.4999000      1.4547000
 GULP file:struc/MAPbI-45.cif.gin                                                                              
 Calculated, energy   690.579773    
struc/MAPbI-6.7-CONTCAR.cif
================================================================================
 Observable, energy:  -51.8458328    
 Atoms:          12 struc/MAPbI-6.7-CONTCAR.cif                                                                         
     6.6999998      0.0000000      0.0000000
     0.0000000      6.6999998      0.0000000
     0.0000000      0.0000000      6.6999998
C1      0.9587700     -0.0003700      0.0034900
N1      0.1775800     -0.0003300      0.0361300
H       0.9294400      0.9995600      0.8421400
H       0.8953800      0.1342500      0.0728300
H       0.8954300      0.8651100      0.0729400
H       0.2446300      0.1257900      0.9736000
H       0.2444400      0.8723900      0.9756300
H       0.2145300      0.0012300      0.1886900
Pb      0.3876900      0.4822600      0.5026200
I       0.3921500      0.5007300     -0.0381300
I       0.3955600      0.0171700      0.5167800
I      -0.0523700      0.5015600      0.4504300
 GULP file:struc/MAPbI-6.7-CONTCAR.cif.gin                                                                     
 Calculated, energy   687.623352    
struc/MAPbI-247.5.cif
================================================================================
 Observable, energy:  -51.8361664    
 Atoms:          12 struc/MAPbI-247.5.cif                                                                               
     6.3099999      0.0000000      0.0000000
     0.0000000      6.3099999      0.0000000
     0.0000000      0.0000000      6.3099999
C1      1.1145600      0.9952000      0.9220600
N1      0.9724800      1.0045400      1.1085401
H       1.2798400      0.9885000      0.9769000
H       1.0895400      1.1379000      0.8252000
H       1.0765400      0.8523800      0.8296400
H       1.0011801      1.1387800      1.2012800
H       0.9890600      0.8712400      1.2054800
H       0.8120600      1.0111600      1.0675600
Pb      0.4878800      0.4999200      1.4912601
I       0.4388000      0.4999400      0.9880600
I       0.4471400      0.9998800      1.5264200
I       0.9741400      0.4999000      1.4547000
 GULP file:struc/MAPbI-247.5.cif.gin                                                                           
 Calculated, energy   690.729858    
struc/MAPbI-270.cif
================================================================================
 Observable, energy:  -51.8193512    
 Atoms:          12 struc/MAPbI-270.cif                                                                                 
     6.3099999      0.0000000      0.0000000
     0.0000000      6.3099999      0.0000000
     0.0000000      0.0000000      6.3099999
C1      1.0726200      0.9945400      0.9015200
N1      1.0128000      1.0051600      1.1281400
H       1.2462200      0.9859000      0.8889800
H       1.0140400      1.1376600      0.8212000
H       1.0005800      0.8523200      0.8310600
H       1.0762600      1.1389199      1.2024800
H       1.0637400      0.8715200      1.2117200
H       0.8489800      1.0136600      1.1516200
Pb      0.4878800      0.4999200      1.4912601
I       0.4388000      0.4999400      0.9880600
I       0.4471400      0.9998800      1.5264200
I       0.9741400      0.4999000      1.4547000
 GULP file:struc/MAPbI-270.cif.gin                                                                             
 Calculated, energy   690.972778    
struc/MAPbI-292.5.cif
================================================================================
 Observable, energy:  -51.8185196    
 Atoms:          12 struc/MAPbI-292.5.cif                                                                               
     6.3099999      0.0000000      0.0000000
     0.0000000      6.3099999      0.0000000
     0.0000000      0.0000000      6.3099999
C1      1.0260201      0.9943800      0.8985600
N1      1.0575401      1.0053200      1.1308000
H       1.1815200      0.9838400      0.8206000
H       0.9427200      1.1382999      0.8463800
H       0.9309600      0.8531000      0.8614200
H       1.1460800      1.1382400      1.1748400
H       1.1351200      0.8709600      1.1889200
H       0.9152800      1.0155801      1.2151400
Pb      0.4878800      0.4999200      1.4912601
I       0.4388000      0.4999400      0.9880600
I       0.4471400      0.9998800      1.5264200
I       0.9741400      0.4999000      1.4547000
 GULP file:struc/MAPbI-292.5.cif.gin                                                                           
 Calculated, energy   690.800964    
struc/MAPbI-67.5.cif
================================================================================
 Observable, energy:  -51.8100853    
 Atoms:          12 struc/MAPbI-67.5.cif                                                                                
     6.3099999      0.0000000      0.0000000
     0.0000000      6.3099999      0.0000000
     0.0000000      0.0000000      6.3099999
C1      0.9692200      0.9987400      1.1121800
N1      1.1113800      1.0011400      0.9255600
H       0.8037400      0.9978600      1.0574800
H       0.9996800      1.1411999      1.2078400
H       1.0018600      0.8553800      1.2057800
H       1.0877000      1.1356000      0.8317000
H       1.0896800      0.8677600      0.8297400
H       1.2719800      1.0020200      0.9664000
Pb      0.4878800      0.4999200      1.4912601
I       0.4388000      0.4999400      0.9880600
I       0.4471400      0.9998800      1.5264200
I       0.9741400      0.4999000      1.4547000
 GULP file:struc/MAPbI-67.5.cif.gin                                                                            
 Calculated, energy   690.770996    
struc/MAPbI-112.5.cif
================================================================================
 Observable, energy:  -51.7942467    
 Atoms:          12 struc/MAPbI-112.5.cif                                                                               
     6.3099999      0.0000000      0.0000000
     0.0000000      6.3099999      0.0000000
     0.0000000      0.0000000      6.3099999
C1      1.0577600      0.9983000      1.1357200
N1      1.0263000      1.0015600      0.9032400
H       0.9020800      0.9961400      1.2140400
H       1.1460800      1.1410800      1.1824600
H       1.1478800      0.8552800      1.1781800
H       0.9424000      1.1357400      0.8542200
H       0.9440200      0.8679200      0.8502400
H       1.1687400      1.0036800      0.8185800
Pb      0.4878800      0.4999200      1.4912601
I       0.4388000      0.4999400      0.9880600
I       0.4471400      0.9998800      1.5264200
I       0.9741400      0.4999000      1.4547000
 GULP file:struc/MAPbI-112.5.cif.gin                                                                           
 Calculated, energy   690.619568    
struc/MAPbI-90.cif
================================================================================
 Observable, energy:  -51.7921944    
 Atoms:          12 struc/MAPbI-90.cif                                                                                  
     6.3099999      0.0000000      0.0000000
     0.0000000      6.3099999      0.0000000
     0.0000000      0.0000000      6.3099999
C1      1.0111400      0.9984400      1.1327600
N1      1.0710599      1.0014200      0.9059400
H       0.8373400      0.9969400      1.1455400
H       1.0754000      1.1410000      1.2097000
H       1.0776000      0.8551800      1.2065001
H       1.0128200      1.1358200      0.8285200
H       1.0148000      0.8679800      0.8255000
H       1.2350600      1.0029000      0.8822200
Pb      0.4878800      0.4999200      1.4912601
I       0.4388000      0.4999400      0.9880600
I       0.4471400      0.9998800      1.5264200
I       0.9741400      0.4999000      1.4547000
 GULP file:struc/MAPbI-90.cif.gin                                                                              
 Calculated, energy   690.751770    
struc/MAPbI-6.8-CONTCAR.cif
================================================================================
 Observable, energy:  -51.7737999    
 Atoms:          12 struc/MAPbI-6.8-CONTCAR.cif                                                                         
     6.8000002      0.0000000      0.0000000
     0.0000000      6.8000002      0.0000000
     0.0000000      0.0000000      6.8000002
C1      0.9660800     -0.0001400      0.0062300
N1      0.1818600      0.0004200      0.0363900
H       0.9357900      0.0003500      0.8475500
H       0.9040000      0.1321500      0.0754200
H       0.9048000      0.8667300      0.0744300
H       0.2457700      0.1274900      0.9780200
H       0.2470700      0.8773300      0.9718300
H       0.2191900      0.9964700      0.1865800
Pb      0.3771400      0.5249200      0.5028800
I       0.3742300      0.4993900     -0.0467100
I       0.3804500     -0.0226900      0.5176500
I      -0.0531300      0.4969200      0.4468500
 GULP file:struc/MAPbI-6.8-CONTCAR.cif.gin                                                                     
 Calculated, energy   690.322815    
struc/MAPbI-6.0-CONTCAR.cif
================================================================================
 Observable, energy:  -51.7664223    
 Atoms:          12 struc/MAPbI-6.0-CONTCAR.cif                                                                         
     6.0000000      0.0000000      0.0000000
     0.0000000      6.0000000      0.0000000
     0.0000000      0.0000000      6.0000000
C1      0.9154800     -0.0001200      0.9645900
N1      0.1395800     -0.0001900      0.0658100
H       0.9329100      0.9998000      0.7822100
H       0.8254200      0.1502000      0.0185200
H       0.8252700      0.8496800      0.0186400
H       0.2316400      0.1403900      0.0188400
H       0.2315400      0.8591800      0.0188900
H       0.1363100     -0.0001400      0.2392700
Pb      0.5169200      0.5004400      0.4923700
I       0.4617400      0.5000000      0.9907600
I       0.4602500      0.0003500      0.5471700
I       0.0061700      0.4997400      0.4400700
 GULP file:struc/MAPbI-6.0-CONTCAR.cif.gin                                                                     
 Calculated, energy   700.719299    
struc/MAPbI-135.cif
================================================================================
 Observable, energy:  -51.7607040    
 Atoms:          12 struc/MAPbI-135.cif                                                                                 
     6.3099999      0.0000000      0.0000000
     0.0000000      6.3099999      0.0000000
     0.0000000      0.0000000      6.3099999
C1      1.1019599      0.9983400      1.1206200
N1      0.9839200      1.0015200      0.9178800
H       0.9881000      0.9955600      1.2525400
H       1.2009400      1.1414400      1.1302400
H       1.2019399      0.8556600      1.1251400
H       0.8871800      1.1354001      0.9049200
H       0.8880800      0.8675800      0.9001800
H       1.0831000      1.0042000      0.7851600
Pb      0.4878800      0.4999200      1.4912601
I       0.4388000      0.4999400      0.9880600
I       0.4471400      0.9998800      1.5264200
I       0.9741400      0.4999000      1.4547000
 GULP file:struc/MAPbI-135.cif.gin                                                                             
 Calculated, energy   691.020813    
struc/MAPbI-225.cif
================================================================================
 Observable, energy:  -51.7276230    
 Atoms:          12 struc/MAPbI-225.cif                                                                                 
     6.3099999      0.0000000      0.0000000
     0.0000000      6.3099999      0.0000000
     0.0000000      0.0000000      6.3099999
C1      1.1454200      0.9962600      0.9570800
N1      0.9427200      1.0035200      1.0750200
H       1.2772200      0.9912200      1.0710000
H       1.1577801      1.1389400      0.8578000
H       1.1472600      0.8533000      0.8573800
H       0.9322600      1.1378200      1.1714799
H       0.9224600      0.8701400      1.1711400
H       0.8101200      1.0085000      0.9757800
Pb      0.4878800      0.4999200      1.4912601
I       0.4388000      0.4999400      0.9880600
I       0.4471400      0.9998800      1.5264200
I       0.9741400      0.4999000      1.4547000
 GULP file:struc/MAPbI-225.cif.gin                                                                             
 Calculated, energy   690.829895    
struc/MAPbI-157.5.cif
================================================================================
 Observable, energy:  -51.6566658    
 Atoms:          12 struc/MAPbI-157.5.cif                                                                               
     6.3099999      0.0000000      0.0000000
     0.0000000      6.3099999      0.0000000
     0.0000000      0.0000000      6.3099999
C1      1.1370000      0.9985400      1.0897599
N1      0.9503800      1.0013200      0.9476200
H       1.0823200      0.9953200      1.2552000
H       1.2316600      1.1420200      1.0610000
H       1.2316200      0.8562400      1.0554200
H       0.8555800      1.1348200      0.9728800
H       0.8555000      0.8670200      0.9677200
H       0.9912000      1.0044000      0.7870600
Pb      0.4878800      0.4999200      1.4912601
I       0.4388000      0.4999400      0.9880600
I       0.4471400      0.9998800      1.5264200
I       0.9741400      0.4999000      1.4547000
 GULP file:struc/MAPbI-157.5.cif.gin                                                                           
 Calculated, energy   690.971558    
struc/MAPbI-202.5.cif
================================================================================
 Observable, energy:  -51.6110992    
 Atoms:          12 struc/MAPbI-202.5.cif                                                                               
     6.3099999      0.0000000      0.0000000
     0.0000000      6.3099999      0.0000000
     0.0000000      0.0000000      6.3099999
C1      1.1605400      0.9975600      1.0012600
N1      0.9280800      1.0022800      1.0326800
H       1.2387800      0.9936400      1.1569200
H       1.2083400      1.1406400      0.9140000
H       1.2019600      0.8549000      0.9100800
H       0.8800200      1.1361800      1.1175600
H       0.8740600      0.8684200      1.1139400
H       0.8434600      1.0060800      0.8902400
Pb      0.4878800      0.4999200      1.4912601
I       0.4388000      0.4999400      0.9880600
I       0.4471400      0.9998800      1.5264200
I       0.9741400      0.4999000      1.4547000
 GULP file:struc/MAPbI-202.5.cif.gin                                                                           
 Calculated, energy   690.983704    
struc/MAPbI-180.cif
================================================================================
 Observable, energy:  -51.5658875    
 Atoms:          12 struc/MAPbI-180.cif                                                                                 
     6.3099999      0.0000000      0.0000000
     0.0000000      6.3099999      0.0000000
     0.0000000      0.0000000      6.3099999
C1      1.1575800      0.9989000      1.0478400
N1      0.9307600      1.0010000      0.9879400
H       1.1703800      0.9954200      1.2216001
H       1.2335200      1.1427400      0.9852800
H       1.2323400      0.8569600      0.9796800
H       0.8523800      1.1341200      1.0477800
H       0.8512600      0.8663200      1.0426000
H       0.9070200      1.0042599      0.8239800
Pb      0.4878800      0.4999200      1.4912601
I       0.4388000      0.4999400      0.9880600
I       0.4471400      0.9998800      1.5264200
I       0.9741400      0.4999000      1.4547000
 GULP file:struc/MAPbI-180.cif.gin                                                                             
 Calculated, energy   691.104187    
struc/MAPbI-5.9-CONTCAR.cif
================================================================================
 Observable, energy:  -51.4851341    
 Atoms:          12 struc/MAPbI-5.9-CONTCAR.cif                                                                         
     5.9000001      0.0000000      0.0000000
     0.0000000      5.9000001      0.0000000
     0.0000000      0.0000000      5.9000001
C1      0.9174200     -0.0002100      0.9501200
N1      0.1334600     -0.0000500      0.0755900
H       0.9545800      0.9996800      0.7676700
H       0.8205500      0.1527100     -0.0051600
H       0.8207300      0.8467700     -0.0049600
H       0.2311500      0.1430400      0.0366700
H       0.2311200      0.8567100      0.0369900
H       0.1124400      0.0001400      0.2503000
Pb      0.5258300      0.5002000      0.4967500
I       0.4599700      0.5000200      0.9951400
I       0.4617600      0.0002500      0.5569600
I       0.0142300      0.5000800      0.4410700
 GULP file:struc/MAPbI-5.9-CONTCAR.cif.gin                                                                     
 Calculated, energy   705.343872    
struc/MAPbI-5.8-CONTCAR.cif
================================================================================
 Observable, energy:  -51.0797920    
 Atoms:          12 struc/MAPbI-5.8-CONTCAR.cif                                                                         
     5.8000002      0.0000000      0.0000000
     0.0000000      5.8000002      0.0000000
     0.0000000      0.0000000      5.8000002
C1      0.9167700      0.0001900      0.9431800
N1      0.1248800      0.0000000      0.0880200
H       0.9701400      0.0003400      0.7613800
H       0.8151400      0.1560200     -0.0196600
H       0.8147300      0.8445900     -0.0197600
H       0.2272000      0.1454700      0.0561000
H       0.2269300      0.8542700      0.0563700
H       0.0891000      0.0005000      0.2630100
Pb      0.5423800      0.5010800      0.4773300
I       0.4502000      0.5002500      0.9797400
I       0.4751600      0.0006600      0.5518100
I       0.0306000      0.4959500      0.4596200
 GULP file:struc/MAPbI-5.8-CONTCAR.cif.gin                                                                     
 Calculated, energy   712.155884    
             1.00000           -52.08517
             2.00000           -52.08487
             3.00000           -52.08469
             4.00000           -52.08324
             5.00000           -52.08238
             6.00000           -52.07984
             7.00000           -52.07512
             8.00000           -52.06551
             9.00000           -52.04967
            10.00000           -52.04512
            11.00000           -52.01442
            12.00000           -52.00481
            13.00000           -51.95075
            14.00000           -51.94230
            15.00000           -51.91962
            16.00000           -51.88217
            17.00000           -51.84583
            18.00000           -51.83617
            19.00000           -51.81935
            20.00000           -51.81852
            21.00000           -51.81009
            22.00000           -51.79425
            23.00000           -51.79219
            24.00000           -51.77380
            25.00000           -51.76642
            26.00000           -51.76070
            27.00000           -51.72762
            28.00000           -51.65667
            29.00000           -51.61110
            30.00000           -51.56589
            31.00000           -51.48513
            32.00000           -51.07979
 1     0 00111101110101110000101000111101        0.104999996722E+00    106.8133469 [Fitness] (       1/     480) [Similarity]
         01000000010110111001001100010000        0.343085098267E+01
         00111101100011010100111111011111        0.689999982715E-01
         01000000010100001010111100100010        0.326068925858E+01
         00111101001101000011100101011000        0.439999997616E-01
         01000000001001001000110101110100        0.257113361359E+01
         00111101001101000011100101011000        0.439999997616E-01
         01000000001001001000110101110100        0.257113361359E+01
         00111111001010011011101001011110        0.662999987602E+00
         01000000011101010000000100011000        0.382819175720E+01
         00111110100000001000001100010010        0.250999987125E+00
         01000000011011101101100010101101        0.373197484016E+01
 1     1 00111101110101110000101000111101        0.104999996722E+00    106.8133469 [Fitness] (      28/     480) [Similarity]
         01000000010110111001001100010000        0.343085098267E+01
         00111101100011010100111111011111        0.689999982715E-01
         01000000010100001010111100100010        0.326068925858E+01
         00111101001101000011100101011000        0.439999997616E-01
         01000000001001001000110101110100        0.257113361359E+01
         00111101001101000011100101011000        0.439999997616E-01
         01000000001001001000110101110100        0.257113361359E+01
         00111111001010011011101001011110        0.662999987602E+00
         01000000011101010000000100011000        0.382819175720E+01
         00111110100000001000001100010010        0.250999987125E+00
         01000000011011101101100010101101        0.373197484016E+01
 1     2 00111101110101110000101000111101        0.104999996722E+00    106.5208588 [Fitness] (     276/     480) [Similarity]
         01000000010110111001001100010000        0.343085098267E+01
         00111101100011000100111111011111        0.685117170215E-01
         01000000010100001010111100100010        0.326068925858E+01
         00111101001101000011100101011000        0.439999997616E-01
         01000000001001001000110101111100        0.257113552094E+01
         00111101001101000011000101011000        0.439923703671E-01
         01000000001001001000110001110100        0.257107257843E+01
         00111111001010011011101001011111        0.663000047207E+00
         01000000011101010000000100011000        0.382819175720E+01
         00111110100000001000001100010010        0.250999987125E+00
         01000000011001101101100010101101        0.360697484016E+01
 1     3 00111101110001110000101000111101        0.971874967217E-01    102.9531174 [Fitness] (     225/     480) [Similarity]
         01000000010110111011001100010000        0.343280410767E+01
         00111101100011010100111111011111        0.689999982715E-01
         01000000010100001110111100100010        0.326459550858E+01
         00111101001101001011100101011000        0.441220700741E-01
         01000000001001000000110101110100        0.256332111359E+01
         00111101001101000011100101011000        0.439999997616E-01
         01000000001001001100110101110100        0.257503986359E+01
         00111111001010011011101001011110        0.662999987602E+00
         01000000011101010000000100011010        0.382819223404E+01
         00111110110000001000001100010010        0.375999987125E+00
         01000000001011101101100010101101        0.273197484016E+01
 1     4 00111101110001110000101000111101        0.971874967217E-01    102.9531174 [Fitness] (     255/     480) [Similarity]
         01000000010110111011001100010000        0.343280410767E+01
         00111101100011010100111111011111        0.689999982715E-01
         01000000010100001110111100100010        0.326459550858E+01
         00111101001101001011100101011000        0.441220700741E-01
         01000000001001000000110101110100        0.256332111359E+01
         00111101001101000011100101011000        0.439999997616E-01
         01000000001001001100110101110100        0.257503986359E+01
         00111111001010011011101001011110        0.662999987602E+00
         01000000011101010000000100011010        0.382819223404E+01
         00111110110000001000001100010010        0.375999987125E+00
         01000000001011101101100010101101        0.273197484016E+01
 1     5 00111101110101110000101000111101        0.104999996722E+00    102.0703506 [Fitness] (     108/     480) [Similarity]
         01000000010110111001001100010000        0.343085098267E+01
         00111101100011010100111111011111        0.689999982715E-01
         01000000010100001010111100100010        0.326068925858E+01
         00111101001101000011100101011000        0.439999997616E-01
         01000000001001001000110101110100        0.257113361359E+01
         00111101001101000011100101011000        0.439999997616E-01
         01000000001001001000110101110100        0.257113361359E+01
         00111111001010011011101001011110        0.662999987602E+00
         01000000011101010000000100011000        0.382819175720E+01
         00111110100000001000001100010010        0.250999987125E+00
         01000000001011101101100010101101        0.273197484016E+01
 1     6 00111101110101110000101000111101        0.104999996722E+00    102.0703506 [Fitness] (      74/     480) [Similarity]
         01000000010110111001001100010000        0.343085098267E+01
         00111101100011010100111111011111        0.689999982715E-01
         01000000010100001010111100100010        0.326068925858E+01
         00111101001101000011100101011000        0.439999997616E-01
         01000000001001001000110101110100        0.257113361359E+01
         00111101001101000011100101011000        0.439999997616E-01
         01000000001001001000110101110100        0.257113361359E+01
         00111111001010011011101001011110        0.662999987602E+00
         01000000011101010000000100011000        0.382819175720E+01
         00111110100000001000001100010010        0.250999987125E+00
         01000000001011101101100010101101        0.273197484016E+01
 1     7 00111101110101110000101000111101        0.104999996722E+00    102.0700073 [Fitness] (      19/     480) [Similarity]
         01000000010110111001001100010000        0.343085098267E+01
         00111101100011000100111111011111        0.685117170215E-01
         01000000010100001010111100100010        0.326068925858E+01
         00111101001101000011100101011000        0.439999997616E-01
         01000000001001001000110101110100        0.257113361359E+01
         00111101001101000011100101011000        0.439999997616E-01
         01000000001001001000110101110100        0.257113361359E+01
         00111111001010011011101001011110        0.662999987602E+00
         01000000011101010000000100011000        0.382819175720E+01
         00111110100000001000001100010010        0.250999987125E+00
         01000000001011101101100010101101        0.273197484016E+01
 1     8 00111101110101110000101000111101        0.104999996722E+00    102.0700073 [Fitness] (      25/     480) [Similarity]
         01000000010110111001001100010000        0.343085098267E+01
         00111101100011000100111111011111        0.685117170215E-01
         01000000010100001010111100100010        0.326068925858E+01
         00111101001101000011100101011000        0.439999997616E-01
         01000000001001001000110101110100        0.257113361359E+01
         00111101001101000011100101011000        0.439999997616E-01
         01000000001001001000110101110100        0.257113361359E+01
         00111111001010011011101001011110        0.662999987602E+00
         01000000011101010000000100011000        0.382819175720E+01
         00111110100000001000001100010010        0.250999987125E+00
         01000000001011101101100010101101        0.273197484016E+01
 1     9 00111101100101110000101000111101        0.737499967217E-01    102.0389023 [Fitness] (      31/     480) [Similarity]
         01000000010110111001001100011000        0.343085289001E+01
         00111101100001000100111111011111        0.646054670215E-01
         01000000010100001110111100100010        0.326459550858E+01
         00111101001101001011100101011000        0.441220700741E-01
         01000000001001000000110101110100        0.256332111359E+01
         00111101001101000011100101011000        0.439999997616E-01
         01000000001001001000110101110100        0.257113361359E+01
         00111111001010011011101001011110        0.662999987602E+00
         01000000011101010000000100011000        0.382819175720E+01
         00111110100000001000001100010010        0.250999987125E+00
         01000000001011101101100010101101        0.273197484016E+01
 1    10 00111101110111110000101000111101        0.108906246722E+00    100.8498840 [Fitness] (      40/     480) [Similarity]
         01000000010110011001001100010000        0.339960098267E+01
         00111101100011000100111111011101        0.685117021203E-01
         01000000010100001010111100100010        0.326068925858E+01
         00111101001101000011100101011000        0.439999997616E-01
         01000000001001001000110101110100        0.257113361359E+01
         00111101001101000011100101010000        0.439999699593E-01
         01000000001001001100110101110100        0.257503986359E+01
         00111111001010011011101001010110        0.662999510765E+00
         01000000011101010000000100011010        0.382819223404E+01
         00111110100000001000001100010010        0.250999987125E+00
         01000000000011101101100010101101        0.223197484016E+01
 1    11 00111101110101110000101000111101        0.104999996722E+00    100.2169418 [Fitness] (      35/     480) [Similarity]
         01000000010110111001001100010000        0.343085098267E+01
         00111101100011000100111110011111        0.685112401843E-01
         01000000010100101010111100100010        0.329193925858E+01
         00111101001101000001100101011000        0.439694821835E-01
         01000000101001001000110101110100        0.514226722717E+01
         00111101001101000011100101011000        0.439999997616E-01
         01000000001001001000110101110100        0.257113361359E+01
         00111111001010011011101001011110        0.662999987602E+00
         01000000001101010000000100011000        0.282819175720E+01
         00111110100000001000001100010010        0.250999987125E+00
         01000000001011101101100010101101        0.273197484016E+01
 1    12 00111101110001110000100000111101        0.971836820245E-01    100.2105331 [Fitness] (      35/     480) [Similarity]
         01000000010110111011001100010000        0.343280410767E+01
         00111101100011000100111110011111        0.685112401843E-01
         01000000010100101010111100100010        0.329193925858E+01
         00111101001101000001100101011000        0.439694821835E-01
         01000000101001001000110101110100        0.514226722717E+01
         00111101001101000011100101011000        0.439999997616E-01
         01000000001001001000110101110100        0.257113361359E+01
         00111111001010011011101001011110        0.662999987602E+00
         01000000001101010000000100011000        0.282819175720E+01
         00111110100000001000001100010010        0.250999987125E+00
         01000000001011101101100010101101        0.273197484016E+01
 1    13 00111101110001110000100000111101        0.971836820245E-01    100.2105331 [Fitness] (      25/     480) [Similarity]
         01000000010110111011001100010000        0.343280410767E+01
         00111101100011000100111110011111        0.685112401843E-01
         01000000010100101010111100100010        0.329193925858E+01
         00111101001101000001100101011000        0.439694821835E-01
         01000000101001001000110101110100        0.514226722717E+01
         00111101001101000011100101011000        0.439999997616E-01
         01000000001001001000110101110100        0.257113361359E+01
         00111111001010011011101001011110        0.662999987602E+00
         01000000001101010000000100011000        0.282819175720E+01
         00111110100000001000001100010010        0.250999987125E+00
         01000000001011101101100010101101        0.273197484016E+01
 1    14 00111101110001110000100000111101        0.971836820245E-01     99.9059906 [Fitness] (      19/     480) [Similarity]
         01000000010110111011001100010000        0.343280410767E+01
         00111101100011000100111110011111        0.685112401843E-01
         01000000010100101010111100100010        0.329193925858E+01
         00111101001101000001100101011000        0.439694821835E-01
         01000000101001001000110101110100        0.514226722717E+01
         00111101001101000011100101011000        0.439999997616E-01
         01000000001001001000110101110100        0.257113361359E+01
         00111111001010011011101001011110        0.662999987602E+00
         01000000011101010000000100011000        0.382819175720E+01
         00111110100000001000001100010010        0.250999987125E+00
         01000000000011101101100010101101        0.223197484016E+01
 1    15 00111101110001110000100000111101        0.971836820245E-01      0.9381661 [Fitness] (      30/     480) [Similarity]
         01000000010110111011001100010000        0.343280410767E+01
         00111101100011000100111110011111        0.685112401843E-01
         01000000010100101010111100100010        0.329193925858E+01
         00111101001101000001100101010000        0.439694523811E-01
         01000000101001001000110101110100        0.514226722717E+01
         00111101001101010011100101011000        0.442441403866E-01
         01000000001001001000110101110100        0.257113361359E+01
         00111111001010011011101001011110        0.662999987602E+00
         01000000001101010100000100011000        0.283209800720E+01
         00111110100000001000001100010110        0.251000106335E+00
         01000000101011101101100010101101        0.546394968033E+01
 1    16 00111101110001110000100000111101        0.971836820245E-01      0.9381661 [Fitness] (      69/     480) [Similarity]
         01000000010110111011001100010000        0.343280410767E+01
         00111101100011000100111110011111        0.685112401843E-01
         01000000010100101010111100100010        0.329193925858E+01
         00111101001101000001100101010000        0.439694523811E-01
         01000000101001001000110101110100        0.514226722717E+01
         00111101001101010011100101011000        0.442441403866E-01
         01000000001001001000110101110100        0.257113361359E+01
         00111111001010011011101001011110        0.662999987602E+00
         01000000001101010100000100011000        0.283209800720E+01
         00111110100000001000001100010110        0.251000106335E+00
         01000000101011101101100010101101        0.546394968033E+01
 1    17 00111101100001110000100000111101        0.659336820245E-01      0.9381301 [Fitness] (      40/     480) [Similarity]
         01000000010110111010001100010000        0.343182754517E+01
         00111101100011000100111110011111        0.685112401843E-01
         01000000010100101010111100100010        0.329193925858E+01
         00111101001101000001100101010000        0.439694523811E-01
         01000000101001001000110101110100        0.514226722717E+01
         00111101001101010011100101011000        0.442441403866E-01
         01000000001001001000110101110100        0.257113361359E+01
         00111111001010011011101001011110        0.662999987602E+00
         01000000001101010100000100011000        0.283209800720E+01
         00111110100000001000001100010110        0.251000106335E+00
         01000000101011101101100010101101        0.546394968033E+01
 1    18 00111101100001110000100000111101        0.659336820245E-01      0.9381301 [Fitness] (      41/     480) [Similarity]
         01000000010110111010001100010000        0.343182754517E+01
         00111101100011000100111110011111        0.685112401843E-01
         01000000010100101010111100100010        0.329193925858E+01
         00111101001101000001100101010000        0.439694523811E-01
         01000000101001001000110101110100        0.514226722717E+01
         00111101001101010011100101011000        0.442441403866E-01
         01000000001001001000110101110100        0.257113361359E+01
         00111111001010011011101001011110        0.662999987602E+00
         01000000001101010100000100011000        0.283209800720E+01
         00111110100000001000001100010110        0.251000106335E+00
         01000000101011101101100010101101        0.546394968033E+01
 1    19 00111101110001110000100000111101        0.971836820245E-01      0.9379325 [Fitness] (      36/     480) [Similarity]
         01000000010110111011001100010000        0.343280410767E+01
         00111101100011000100111110011111        0.685112401843E-01
         01000000010100101000111100100010        0.328998613358E+01
         00111101001101000001100101010000        0.439694523811E-01
         01000000101001001000110101110100        0.514226722717E+01
         00111101001101010011100101011000        0.442441403866E-01
         01000000001001001000110101110100        0.257113361359E+01
         00111011001010011011101001011110        0.258984370157E-02
         01000000001101010100000100011000        0.283209800720E+01
         00111110100000001000001100010110        0.251000106335E+00
         01000000101011101101100010101101        0.546394968033E+01
 1    20 00111101110001110000100000111101        0.971836820245E-01      0.9221229 [Fitness] (      61/     480) [Similarity]
         01000000010110111011001100010000        0.343280410767E+01
         00111101100011010100111111011111        0.689999982715E-01
         01000000010000001010111100100010        0.301068925858E+01
         00111101001101000001100101011000        0.439694821835E-01
         01000000100001001000110101110100        0.414226722717E+01
         00111101001101000011100101011100        0.440000146627E-01
         01000000001001001000110100110100        0.257111835480E+01
         00111111001010011011101001011110        0.662999987602E+00
         01000000001101010100000100011100        0.283209896088E+01
         00111110100000001001001100010110        0.251122176647E+00
         01000000101011101100100010101101        0.546199655533E+01
 1    21 00111101110001110000100000111101        0.971836820245E-01      0.9221229 [Fitness] (      51/     480) [Similarity]
         01000000010110111011001100010000        0.343280410767E+01
         00111101100011010100111111011111        0.689999982715E-01
         01000000010000001010111100100010        0.301068925858E+01
         00111101001101000001100101011000        0.439694821835E-01
         01000000100001001000110101110100        0.414226722717E+01
         00111101001101000011100101011100        0.440000146627E-01
         01000000001001001000110100110100        0.257111835480E+01
         00111111001010011011101001011110        0.662999987602E+00
         01000000001101010100000100011100        0.283209896088E+01
         00111110100000001001001100010110        0.251122176647E+00
         01000000101011101100100010101101        0.546199655533E+01
 1    22 00111101110001110000100000111101        0.971836820245E-01      0.9221229 [Fitness] (      48/     480) [Similarity]
         01000000010110111011001100010000        0.343280410767E+01
         00111101100011010100111111011111        0.689999982715E-01
         01000000010000001010111100100010        0.301068925858E+01
         00111101001101000001100101011000        0.439694821835E-01
         01000000100001001000110101110100        0.414226722717E+01
         00111101001101000011100101011100        0.440000146627E-01
         01000000001001001000110100110100        0.257111835480E+01
         00111111001010011011101001011110        0.662999987602E+00
         01000000001101010100000100011100        0.283209896088E+01
         00111110100000001001001100010110        0.251122176647E+00
         01000000101011101100100010101101        0.546199655533E+01
 1    23 00111101100001110000100000111101        0.659336820245E-01      0.9221064 [Fitness] (      52/     480) [Similarity]
         01000000010110111010001100010000        0.343182754517E+01
         00111101100011000100111110011111        0.685112401843E-01
         01000000010100101010111100100010        0.329193925858E+01
         00111101001101000001100101011000        0.439694821835E-01
         01000000100001001000110101110100        0.414226722717E+01
         00111101001101000011100101011100        0.440000146627E-01
         01000000001001001000110100110100        0.257111835480E+01
         00111111001010011011101001011110        0.662999987602E+00
         01000000001101010100000100011100        0.283209896088E+01
         00111110100000001001001100010110        0.251122176647E+00
         01000000101011101100100010101101        0.546199655533E+01
